<?xml version="1.0" encoding="UTF-8" ?>
<testsuite tests="10" failures="0" name="SightingsTest" time="1.318" errors="0" skipped="0">
  <properties>
[...]
</properties>
  <testcase classname="SightingsTest" name="Sightings_instantiatesWithLocationId_int" time="0.033"/>
  <testcase classname="SightingsTest" name="Sightings_instantiatesWithAnimalId_int" time="0.022"/>
  <testcase classname="SightingsTest" name="all_returnsAllInstancesOfSighting_true" time="0.347"/>
  <testcase classname="SightingsTest" name="Sightings_instantiatesWithRangerId_int" time="0.023"/>
  <testcase classname="SightingsTest" name="equals_returnsTrueIfIdsAreSame_true" time="0.021"/>
  <testcase classname="SightingsTest" name="find_returnsSightingsWithSameId_secondSighting" time="0.285"/>
  <testcase classname="SightingsTest" name="save_assignsIdToObject" time="0.191"/>
  <testcase classname="SightingsTest" name="deleteSightingByID" time="0.18"/>
  <testcase classname="SightingsTest" name="sightings_instantiatesCorrectly_true" time="0.018"/>
  <testcase classname="SightingsTest" name="save_insertsObjectIntoDatabase_Sightings" time="0.198"/>
</testsuite>